<?xml version="1.0" encoding="UTF-8"?>
<testng-results ignored="0" total="1" passed="1" failed="0" skipped="0">
  <reporter-output>
  </reporter-output>
  <suite started-at="2023-11-28T21:26:40 IST" name="Default suite" finished-at="2023-11-28T21:26:50 IST" duration-ms="9960">
    <groups>
    </groups>
    <test started-at="2023-11-28T21:26:40 IST" name="Default test" finished-at="2023-11-28T21:26:50 IST" duration-ms="9960">
      <class name="testNgPractice.Day5">
        <test-method signature="test()[pri:0, instance:testNgPractice.Day5@5562c41e]" started-at="2023-11-28T21:26:40 IST" name="test" finished-at="2023-11-28T21:26:50 IST" duration-ms="9921" status="PASS">
          <reporter-output>
          </reporter-output>
        </test-method> <!-- test -->
      </class> <!-- testNgPractice.Day5 -->
    </test> <!-- Default test -->
  </suite> <!-- Default suite -->
</testng-results>
