<?xml version="1.0" encoding="UTF-8"?>
<!-- Generated by org.testng.reporters.JUnitXMLReporter -->
<testsuite ignored="1" hostname="DESKTOP-43IAGJ9" failures="0" tests="6" name="CarLoan" time="0.034" errors="0" timestamp="2023-11-22T17:35:20 IST">
  <testcase classname="testNgPractice.Day3" name="mobileLoginCarLoan" time="0.002"/>
  <testcase classname="testNgPractice.Day3" name="mobileSignOutCarLoan" time="0.002"/>
  <testcase classname="testNgPractice.Day3" name="mobileSignOutCarLoan" time="0.001"/>
  <testcase classname="testNgPractice.Day3" name="mobileSignOutCarLoan" time="0.002"/>
  <testcase classname="testNgPractice.Day3" name="mobileSigninCarLoan" time="0.002"/>
  <testcase classname="testNgPractice.Day3" name="webLoginCarLoan" time="0.001"/>
  <testcase classname="testNgPractice.Day3" name="apiLoginCarLoan" time="0.0">
    <ignored/>
  </testcase> <!-- apiLoginCarLoan -->
</testsuite> <!-- CarLoan -->
