<?xml version="1.0" encoding="UTF-8"?>
<!-- Generated by org.testng.reporters.JUnitXMLReporter -->
<testsuite ignored="2" hostname="DESKTOP-43IAGJ9" failures="0" tests="1" name="HomeLoan" time="0.004" errors="0" timestamp="2023-11-22T17:35:20 IST">
  <testcase classname="testNgPractice.Day4" name="apiLoginHomeLoan" time="0.002"/>
  <testcase classname="testNgPractice.Day4" name="mobileLoginHomeLoan" time="0.0">
    <ignored/>
  </testcase> <!-- mobileLoginHomeLoan -->
  <testcase classname="testNgPractice.Day4" name="webLoginHomeLoan" time="0.0">
    <ignored/>
  </testcase> <!-- webLoginHomeLoan -->
</testsuite> <!-- HomeLoan -->
