<?xml version="1.0" encoding="UTF-8"?>
<!-- Generated by org.testng.reporters.JUnitXMLReporter -->
<testsuite ignored="0" hostname="DESKTOP-43IAGJ9" failures="0" tests="3" name="PersonalLoan" time="0.081" errors="0" timestamp="2023-11-22T17:35:20 IST">
  <testcase classname="testNgPractice.Day1" name="demo" time="0.009"/>
  <testcase classname="testNgPractice.Day1" name="test1" time="0.002"/>
  <testcase classname="testNgPractice.Day2" name="pLoan" time="0.004"/>
</testsuite> <!-- PersonalLoan -->
