<?xml version="1.0" encoding="UTF-8"?>
<!-- Generated by org.testng.reporters.JUnitXMLReporter -->
<testsuite ignored="0" hostname="DESKTOP-43IAGJ9" failures="0" tests="11" name="Regression" time="0.097" errors="0" timestamp="2023-11-21T21:30:03 IST">
  <testcase classname="testNgPractice.Day1" name="demo" time="0.009"/>
  <testcase classname="testNgPractice.Day1" name="test1" time="0.001"/>
  <testcase classname="testNgPractice.Day2" name="pLoan" time="0.001"/>
  <testcase classname="testNgPractice.Day3" name="apiLoginCarLoan" time="0.002"/>
  <testcase classname="testNgPractice.Day3" name="mobileLoginCarLoan" time="0.001"/>
  <testcase classname="testNgPractice.Day3" name="mobileSignOutCarLoan" time="0.0"/>
  <testcase classname="testNgPractice.Day3" name="mobileSigninCarLoan" time="0.002"/>
  <testcase classname="testNgPractice.Day3" name="webLoginCarLoan" time="0.002"/>
  <testcase classname="testNgPractice.Day4" name="apiLoginHomeLoan" time="0.001"/>
  <testcase classname="testNgPractice.Day4" name="mobileLoginHomeLoan" time="0.002"/>
  <testcase classname="testNgPractice.Day4" name="webLoginHomeLoan" time="0.001"/>
</testsuite> <!-- Regression -->
